# All in N and metres
Node:
#Global System
# Number X Y
#start
1 0.0 0.0
#vertical 

2 0.35 0.35
3 0.35 1.22
4 0.35 2.08
5 0.35 2.95
6 0.35 3.82
7 0.35 4.68
8 0.35 5.55
#left corner
9 0.0 5.9

10 0.35 5.9
#horizontal

11 1.15 5.9
12 1.95 5.9
13 2.75 5.9
14 3.55 5.9
15 4.35 5.9
16 5.15 5.9
17 5.95 5.9
18 6.75 5.9
19 7.55 5.9
20 8.35 5.9
21 8.70 5.9
#right corner

22 8.35 5.55
23 8.35 4.68
24 8.35 3.82
25 8.35 2.95
26 8.35 2.08
27 8.35 1.22
28 8.35 0.35
#right lower corner
29 8.7 0.0

30 0.35 0.0
31 1.15 0.0
32 1.95 0.0
33 2.75 0.0
34 3.55 0.0
35 4.35 0.0
36 5.15 0.0
37 5.95 0.0
38 6.75 0.0
39 7.55 0.0
40 8.35 0.0


#lower 
# next is 40

Beam:
#Number Beg_Num End_Num 
#spring Beg_Num anticlockwise angle
1 1 30
2 30 2
3 2 3
4 3 4
5 4 5
6 5 6
7 6 7
8 7 8
9 8 10
10 9 10
11 10 11
12 11 12
13 12 13
14 13 14
15 14 15
16 15 16
17 16 17
18 17 18
19 18 19
20 19 20
21 20 21

22 20 22

23 22 23
24 23 24
25 24 25
26 25 26
27 26 27
28 27 28
#29 28 29
30 28 40
31 40 29
32 30 31
33 31 32
34 32 33
35 33 34
36 34 35
37 35 36
38 36 37
39 37 38
40 38 39
41 39 40

42 1 (90)
#42 29 (180)
43 30 (90)
44 31 (90)
45 32 (90)
46 33 (90)
47 34 (90)
48 35 (90)
49 36 (90)
50 37 (90)
51 38 (90)
52 39 (90)
53 40 (90)
#54 1 (0)
54 29 (90)

#46 12 (270)

Material:
#Beam Name
#orthogonal b(m) h(m)
#E magnitude of elasticity MPa
1
E 31476
b 0.7
h 1.0

2
E 31476
b 0.7
h 1.0

3
E 31476
b 0.7
h 1.0

4
E 31476
b 0.7
h 1.0

5
E 31476
b 0.7
h 1.0

6
E 31476
b 0.7
h 1.0

7
E 31476
b 0.7
h 1.0

8
E 31476
b 0.7
h 1.0

9
E 31476
b 0.7
h 1.0

10
E 31476
b 0.7
h 1.0

11
E 31476
b 0.7
h 1.0

12
E 31476
b 0.7
h 1.0

13
E 31476
b 0.7
h 1.0

14
E 31476
b 0.7
h 1.0

15
E 31476
b 0.7
h 1.0

16
E 31476
b 0.7
h 1.0

17
E 31476
b 0.7
h 1.0

18
E 31476
b 0.7
h 1.0

19
E 31476
b 0.7
h 1.0

20
E 31476
b 0.7
h 1.0

21
E 31476
b 0.7
h 1.0

22
E 31476
b 0.7
h 1.0

23
E 31476
b 0.7
h 1.0

24
E 31476
b 0.7
h 1.0

25
E 31476
b 0.7
h 1.0

26
E 31476
b 0.7
h 1.0

27
E 31476
b 0.7
h 1.0

28
E 31476
b 0.7
h 1.0

#29
#E 31476
#b 0.7
#h 1.0

30
E 31476
b 0.7
h 1.0

31
E 31476
b 0.7
h 1.0

32
E 31476
b 0.7
h 1.0

33
E 31476
b 0.7
h 1.0

34
E 31476
b 0.7
h 1.0

35
E 31476
b 0.7
h 1.0

36
E 31476
b 0.7
h 1.0

37
E 31476
b 0.7
h 1.0

38
E 31476
b 0.7
h 1.0

39
E 31476
b 0.7
h 1.0

40
E 31476
b 0.7
h 1.0

41
E 31476
b 0.7
h 1.0

#Spring Elasticity kN/m
42
k 6000

43
k 6000

44
k 6000

45
k 6000

46
k 6000

47
k 6000

48
k 6000

49
k 6000

50
k 6000

51
k 6000

52
k 6000

53
k 6000

54
k 6000

#53
#k 6000

#54
#k 6000

#55
#k 6000

#46
#k 6000

Beam fixing:
#Beam number
#command
#RMS Release movement from beam startnode
#RME Release movement from beam endnode
#DDS Dependent displacemnt from startnode at endnode
#DDE Dependent displacemnt from endnode at startnode


#1
#DDS
#23
#DDS
#22
#DDE
#32
#DDE


Node fixing:
#Node number
#X (mm)
#Y (mm)
#T (mrad) (Theta)


29
X 0.0

Loads:

Beam Dist Loads:
#Local Coordinate System kN/m 
#Y startload endload

10
Y
-30


11
Y
-30

12
Y
-30


13
Y
-30

14
Y
-30

15
Y
-30

16
Y
-30

17
Y
-30

18
Y
-30

19
Y
-30

20
Y
-30

21
Y
-30



Node Conc Loads:
#Global System
#kN
#X
#Y
#M
#1
#X
#-100.0

#29
#X
#100.0

#9
#X
#100.0

#21
#X
#-100.0

10
Y
-10.5

20
Y
-10.5

#12
#Y
#-200.35

#3
#X
#0.35
#Y
#-120.35
#4
#Y
#-200.35

